\BOOKMARK [0][-]{dummy.1}{\376\377\000R\000e\000s\000u\000m\000e\000n}{}% 1
\BOOKMARK [0][-]{dummy.2}{\376\377\000A\000b\000s\000t\000r\000a\000c\000t}{}% 2
\BOOKMARK [0][-]{dummy.3}{\376\377\000C\000o\000n\000t\000e\000n\000i\000d\000o}{}% 3
\BOOKMARK [0][-]{dummy.5}{\376\377\000I\000n\000d\000i\000c\000e\000\040\000d\000e\000\040\000F\000i\000g\000u\000r\000a\000s}{}% 4
\BOOKMARK [0][-]{dummy.7}{\376\377\000I\000n\000d\000i\000c\000e\000\040\000d\000e\000\040\000T\000a\000b\000l\000a\000s}{}% 5
\BOOKMARK [0][-]{dummy.9}{\376\377\000A\000b\000r\000e\000v\000i\000a\000c\000i\000o\000n\000e\000s}{}% 6
\BOOKMARK [0][-]{chapter.12}{\376\377\0001\000\040\000I\000n\000t\000r\000o\000d\000u\000c\000c\000i\000\363\000n}{}% 7
\BOOKMARK [1][-]{section.17}{\376\377\0001\000.\0001\000\040\000M\000o\000t\000i\000v\000a\000c\000i\000\363\000n}{chapter.12}% 8
\BOOKMARK [1][-]{section.18}{\376\377\0001\000.\0002\000\040\000O\000b\000j\000e\000t\000i\000v\000o\000s}{chapter.12}% 9
\BOOKMARK [1][-]{section.19}{\376\377\0001\000.\0003\000\040\000T\000r\000a\000b\000a\000j\000o\000s\000\040\000R\000e\000l\000a\000c\000i\000o\000n\000a\000d\000o\000s}{chapter.12}% 10
\BOOKMARK [1][-]{section.21}{\376\377\0001\000.\0004\000\040\000O\000r\000g\000a\000n\000i\000z\000a\000c\000i\000\363\000n\000\040\000d\000e\000l\000\040\000D\000o\000c\000u\000m\000e\000n\000t\000o}{chapter.12}% 11
\BOOKMARK [0][-]{chapter.22}{\376\377\0002\000\040\000C\000o\000n\000c\000e\000p\000t\000o\000s}{}% 12
\BOOKMARK [1][-]{section.23}{\376\377\0002\000.\0001\000\040\000C\000o\000m\000p\000u\000t\000a\000c\000i\000\363\000n\000\040\000M\000\363\000v\000i\000l}{chapter.22}% 13
\BOOKMARK [1][-]{section.24}{\376\377\0002\000.\0002\000\040\000C\000o\000m\000p\000u\000t\000a\000c\000i\000\363\000n\000\040\000e\000n\000\040\000N\000u\000b\000e}{chapter.22}% 14
\BOOKMARK [1][-]{section.39}{\376\377\0002\000.\0003\000\040\000C\000o\000m\000p\000u\000t\000a\000c\000i\000\363\000n\000\040\000e\000n\000\040\000N\000u\000b\000e\000\040\000p\000a\000r\000a\000\040\000M\000\363\000v\000i\000l\000e\000s}{chapter.22}% 15
\BOOKMARK [2][-]{subsection.40}{\376\377\0002\000.\0003\000.\0001\000\040\000V\000i\000s\000i\000\363\000n}{section.39}% 16
\BOOKMARK [2][-]{subsection.42}{\376\377\0002\000.\0003\000.\0002\000\040\000H\000e\000t\000e\000r\000o\000g\000e\000n\000e\000i\000d\000a\000d}{section.39}% 17
\BOOKMARK [3][-]{subsubsection.44}{\376\377\0002\000.\0003\000.\0002\000.\0001\000\040\000T\000a\000x\000o\000n\000o\000m\000\355\000a\000\040\000d\000e\000\040\000l\000a\000\040\000h\000e\000t\000e\000r\000o\000g\000e\000n\000e\000i\000d\000a\000d\000\040\000e\000n\000\040\000M\000C\000C}{subsection.42}% 18
\BOOKMARK [0][-]{chapter.73}{\376\377\0003\000\040\000O\000f\000f\000l\000o\000a\000d\000i\000n\000g\000\040\000d\000e\000\040\000C\000\363\000m\000p\000u\000t\000o}{}% 19
\BOOKMARK [1][-]{section.82}{\376\377\0003\000.\0001\000\040\000O\000f\000f\000l\000o\000a\000d\000i\000n\000g}{chapter.73}% 20
\BOOKMARK [2][-]{subsection.83}{\376\377\0003\000.\0001\000.\0001\000\040\000V\000i\000a\000b\000i\000l\000i\000d\000a\000d\000\040\000d\000e\000\040\000o\000f\000f\000l\000o\000a\000d\000i\000n\000g\000\040}{section.82}% 21
\BOOKMARK [3][-]{subsubsection.84}{\376\377\0003\000.\0001\000.\0001\000.\0001\000\040\000M\000e\000j\000o\000r\000a\000\040\000d\000e\000l\000\040\000r\000e\000n\000d\000i\000m\000i\000e\000n\000t\000o}{subsection.83}% 22
\BOOKMARK [3][-]{subsubsection.88}{\376\377\0003\000.\0001\000.\0001\000.\0002\000\040\000C\000o\000n\000s\000e\000r\000v\000a\000c\000i\000\363\000n\000\040\000d\000e\000\040\000l\000a\000\040\000e\000n\000e\000r\000g\000\355\000a}{subsection.83}% 23
\BOOKMARK [2][-]{subsection.93}{\376\377\0003\000.\0001\000.\0002\000\040\000F\000a\000c\000t\000o\000r\000e\000s\000\040\000d\000e\000\040\000d\000e\000c\000i\000s\000i\000\363\000n\000\040\000e\000n\000\040\000o\000f\000f\000l\000o\000a\000d\000i\000n\000g\000\040}{section.82}% 24
\BOOKMARK [3][-]{subsubsection.94}{\376\377\0003\000.\0001\000.\0002\000.\0001\000\040\000C\000a\000r\000a\000c\000t\000e\000r\000\355\000s\000t\000i\000c\000a\000s\000\040\000d\000e\000l\000\040\000d\000i\000s\000p\000o\000s\000i\000t\000i\000v\000o\000\040\000m\000\363\000v\000i\000l}{subsection.93}% 25
\BOOKMARK [3][-]{subsubsection.96}{\376\377\0003\000.\0001\000.\0002\000.\0002\000\040\000C\000a\000r\000a\000c\000t\000e\000r\000\355\000s\000t\000i\000c\000a\000s\000\040\000d\000e\000\040\000l\000a\000\040\000a\000p\000l\000i\000c\000a\000c\000i\000\363\000n}{subsection.93}% 26
\BOOKMARK [3][-]{subsubsection.97}{\376\377\0003\000.\0001\000.\0002\000.\0003\000\040\000C\000a\000r\000a\000c\000t\000e\000r\000\355\000s\000t\000i\000c\000a\000s\000\040\000d\000e\000\040\000r\000e\000d}{subsection.93}% 27
\BOOKMARK [1][-]{section.99}{\376\377\0003\000.\0002\000\040\000A\000l\000g\000o\000r\000i\000t\000m\000o\000\040\000d\000e\000\040\000o\000f\000f\000l\000o\000a\000d\000i\000n\000g\000\040}{chapter.73}% 28
\BOOKMARK [1][-]{section.101}{\376\377\0003\000.\0003\000\040\000C\000r\000i\000t\000e\000r\000i\000o\000s\000\040\000p\000a\000r\000a\000\040\000l\000a\000\040\000c\000l\000a\000s\000i\000f\000i\000c\000a\000c\000i\000\363\000n\000\040\000d\000e\000\040\000O\000f\000f\000l\000o\000a\000d\000i\000n\000g}{chapter.73}% 29
\BOOKMARK [2][-]{subsection.103}{\376\377\0003\000.\0003\000.\0001\000\040\000P\000a\000r\000t\000i\000c\000i\000o\000n\000a\000d\000o\000\040\000d\000e\000\040\000l\000a\000\040\000A\000p\000l\000i\000c\000a\000c\000i\000\363\000n}{section.101}% 30
\BOOKMARK [2][-]{subsection.106}{\376\377\0003\000.\0003\000.\0002\000\040\000T\000i\000p\000o\000s\000\040\000d\000e\000\040\000O\000f\000f\000l\000o\000a\000d\000i\000n\000g}{section.101}% 31
\BOOKMARK [2][-]{subsection.107}{\376\377\0003\000.\0003\000.\0003\000\040\000P\000l\000a\000t\000a\000f\000o\000r\000m\000a\000\040\000d\000e\000\040\000d\000e\000s\000p\000l\000i\000e\000g\000u\000e}{section.101}% 32
\BOOKMARK [2][-]{subsection.110}{\376\377\0003\000.\0003\000.\0004\000\040\000C\000a\000m\000p\000o\000\040\000d\000e\000\040\000A\000p\000l\000i\000c\000a\000c\000i\000\363\000n}{section.101}% 33
\BOOKMARK [0][-]{chapter.115}{\376\377\0004\000\040\000C\000l\000o\000u\000d\000l\000e\000t\000s}{}% 34
\BOOKMARK [1][-]{subsection.117}{\376\377\0004\000.\0000\000.\0005\000\040\000A\000r\000q\000u\000i\000t\000e\000c\000t\000u\000r\000a\000\040\000C\000l\000o\000u\000d\000l\000e\000t}{chapter.115}% 35
\BOOKMARK [0][-]{chapter.119}{\376\377\0005\000\040\000P\000r\000o\000p\000u\000e\000s\000t\000a\000:\000\040\000S\000i\000s\000t\000e\000m\000a\000\040\000P\000y\000t\000o\000s}{}% 36
\BOOKMARK [1][-]{section.120}{\376\377\0005\000.\0001\000\040\000A\000r\000q\000u\000i\000t\000e\000c\000t\000u\000r\000a\000\040\000d\000e\000\040\000P\000y\000t\000o\000s}{chapter.119}% 37
\BOOKMARK [1][-]{section.131}{\376\377\0005\000.\0002\000\040\000D\000i\000s\000e\000\361\000o\000\040\000d\000e\000\040\000P\000y\000t\000o\000s}{chapter.119}% 38
\BOOKMARK [1][-]{section.137}{\376\377\0005\000.\0003\000\040\000M\000o\000d\000e\000l\000o\000\040\000d\000e\000\040\000P\000r\000o\000g\000r\000a\000m\000a\000c\000i\000\363\000n}{chapter.119}% 39
\BOOKMARK [2][-]{subsection.144}{\376\377\0005\000.\0003\000.\0001\000\040\000F\000l\000u\000j\000o\000\040\000d\000e\000l\000\040\000S\000i\000s\000t\000e\000m\000a}{section.137}% 40
\BOOKMARK [1][-]{section.151}{\376\377\0005\000.\0004\000\040\000I\000m\000p\000l\000e\000m\000e\000n\000t\000a\000t\000i\000o\000n}{chapter.119}% 41
\BOOKMARK [2][-]{subsection.152}{\376\377\0005\000.\0004\000.\0001\000\040\000R\000e\000c\000o\000p\000i\000l\000a\000d\000o\000r}{section.151}% 42
\BOOKMARK [2][-]{subsection.153}{\376\377\0005\000.\0004\000.\0002\000\040\000E\000v\000a\000l\000u\000a\000d\000o\000r}{section.151}% 43
\BOOKMARK [1][-]{section.154}{\376\377\0005\000.\0005\000\040\000R\000e\000s\000u\000l\000t\000a\000d\000o\000s\000\040\000I\000n\000i\000c\000i\000a\000l\000e\000s}{chapter.119}% 44
\BOOKMARK [2][-]{subsection.155}{\376\377\0005\000.\0005\000.\0001\000\040\000C\000o\000n\000f\000i\000g\000u\000r\000a\000c\000i\000\363\000n\000\040\000e\000x\000p\000e\000r\000i\000m\000e\000n\000t\000a\000l}{section.154}% 45
\BOOKMARK [2][-]{subsection.161}{\376\377\0005\000.\0005\000.\0002\000\040\000E\000s\000c\000e\000n\000a\000r\000i\000o\000s\000\040\000d\000e\000\040\000E\000v\000a\000l\000u\000a\000c\000i\000\363\000n}{section.154}% 46
\BOOKMARK [2][-]{subsection.163}{\376\377\0005\000.\0005\000.\0003\000\040\000R\000e\000s\000u\000l\000t\000a\000d\000o\000s\000\040\000I\000n\000i\000c\000i\000a\000l\000e\000s}{section.154}% 47
\BOOKMARK [0][-]{chapter.166}{\376\377\0006\000\040\000C\000r\000o\000n\000o\000g\000r\000a\000m\000a\000\040\000d\000e\000\040\000T\000r\000a\000b\000a\000j\000o}{}% 48
\BOOKMARK [0][-]{chapter.168}{\376\377\0007\000\040\000C\000o\000n\000c\000l\000u\000s\000i\000o\000n\000e\000s}{}% 49
\BOOKMARK [0][-]{dummy.169}{\376\377\000B\000i\000b\000l\000i\000o\000g\000r\000a\000f\000\355\000a}{}% 50
